<?xml version="1.0" encoding="UTF-8"?>
<!-- Generated by org.testng.reporters.JUnitReportReporter -->
<testsuite skipped="0" hostname="RYAN" name="d07_02_2022_tests.FormTest" tests="1" failures="0" timestamp="2022-02-09T11:21:38 CET" time="7.443" errors="0">
  <testcase name="formTest" time="7.443" classname="d07_02_2022_tests.FormTest"/>
  <system-out/>
</testsuite> <!-- d07_02_2022_tests.FormTest -->
