<?xml version="1.0" encoding="UTF-8"?>
<!-- Generated by org.testng.reporters.JUnitReportReporter -->
<testsuite skipped="0" hostname="RYAN" name="d07_02_2022_tests.ShopTest" tests="1" failures="0" timestamp="2022-02-10T10:01:27 CET" time="25.857" errors="0">
  <testcase name="formTest" time="25.857" classname="d07_02_2022_tests.ShopTest"/>
  <system-out/>
</testsuite> <!-- d07_02_2022_tests.ShopTest -->
