<?xml version="1.0" encoding="UTF-8"?>
<!-- Generated by org.testng.reporters.JUnitReportReporter -->
<testsuite skipped="0" hostname="RYAN" name="d07_02_2022_tests.FormTest" tests="1" failures="0" timestamp="2022-02-08T13:48:44 CET" time="5.898" errors="0">
  <testcase name="formTest" time="5.898" classname="d07_02_2022_tests.FormTest"/>
  <system-out/>
</testsuite> <!-- d07_02_2022_tests.FormTest -->
