<?xml version="1.0" encoding="UTF-8"?>
<!-- Generated by org.testng.reporters.JUnitReportReporter -->
<testsuite skipped="0" hostname="RYAN" name="d08_02_2022_tests.FormTest" tests="1" failures="0" timestamp="2022-02-10T12:11:04 CET" time="18.336" errors="0">
  <testcase name="formTest" time="18.336" classname="d08_02_2022_tests.FormTest"/>
  <system-out/>
</testsuite> <!-- d08_02_2022_tests.FormTest -->
